<?xml version="1.0" encoding="UTF-8"?>
<!-- Generated by org.testng.reporters.JUnitXMLReporter -->
<testsuite ignored="2" hostname="DESKTOP-Q0J0551" failures="0" tests="2" name="Test" time="35.089" errors="0" timestamp="2023-01-02T19:47:06 IST">
  <testcase classname="mavn.c1" name="ls" time="20.703"/>
  <testcase classname="mavn.c2" name="ab" time="14.315"/>
  <testcase classname="pack1.c4" name="ls" time="0.0">
    <ignored/>
  </testcase> <!-- ls -->
  <testcase classname="pack1.c3" name="rt" time="0.0">
    <ignored/>
  </testcase> <!-- rt -->
</testsuite> <!-- Test -->
