<?xml version="1.0" encoding="UTF-8"?>
<testng-results ignored="0" total="1" passed="1" failed="0" skipped="0">
  <reporter-output>
  </reporter-output>
  <suite started-at="2023-01-04T21:56:37 IST" name="Default suite" finished-at="2023-01-04T21:56:51 IST" duration-ms="14623">
    <groups>
    </groups>
    <test started-at="2023-01-04T21:56:37 IST" name="Default test" finished-at="2023-01-04T21:56:51 IST" duration-ms="14623">
      <class name="auto.a1">
        <test-method signature="ac()[pri:0, instance:auto.a1@4b14c583]" started-at="2023-01-04T21:56:37 IST" name="ac" finished-at="2023-01-04T21:56:51 IST" duration-ms="14529" status="PASS">
          <reporter-output>
          </reporter-output>
        </test-method> <!-- ac -->
      </class> <!-- auto.a1 -->
    </test> <!-- Default test -->
  </suite> <!-- Default suite -->
</testng-results>
